***
*** Error: Couldn't find an i386-*-elf version of GCC/binutils.

*** Is the directory with i386-jos-elf-gcc in your PATH?
*** If your i386-*-elf toolchain is installed with a command
*** prefix other than 'i386-jos-elf-', set your TOOLPREFIX
*** environment variable to that prefix and run 'make' again.
*** To turn off this error, run 'gmake TOOLPREFIX= ...'.
***

ld: unknown option: -V

make: Entering directory `/Users/fran/Documents/GitHub/ASO/xv6'
gcc -fno-pic -static -fno-builtin -fno-strict-aliasing -Og -Wall -MD -ggdb -m32 -Werror -fno-omit-frame-pointer -fno-stack-protector -fno-pic -Os -nostdinc -I. -c bootmain.c
gcc -fno-pic -static -fno-builtin -fno-strict-aliasing -Og -Wall -MD -ggdb -m32 -Werror -fno-omit-frame-pointer -fno-stack-protector -fno-pic -nostdinc -I. -c bootasm.S
ld -m  -N -e start -Ttext 0x7C00 -o bootblock.o bootasm.o bootmain.o
 
objdump -S bootblock.o > bootblock.asm
objcopy -S -O binary -j .text bootblock.o bootblock
./sign.pl bootblock
 
gcc -fno-pic -static -fno-builtin -fno-strict-aliasing -Og -Wall -MD -ggdb -m32 -Werror -fno-omit-frame-pointer -fno-stack-protector   -c -o bio.o bio.c
 
gcc -fno-pic -static -fno-builtin -fno-strict-aliasing -Og -Wall -MD -ggdb -m32 -Werror -fno-omit-frame-pointer -fno-stack-protector   -c -o console.o console.c
 
gcc -fno-pic -static -fno-builtin -fno-strict-aliasing -Og -Wall -MD -ggdb -m32 -Werror -fno-omit-frame-pointer -fno-stack-protector   -c -o exec.o exec.c
 
gcc -fno-pic -static -fno-builtin -fno-strict-aliasing -Og -Wall -MD -ggdb -m32 -Werror -fno-omit-frame-pointer -fno-stack-protector   -c -o file.o file.c
 
gcc -fno-pic -static -fno-builtin -fno-strict-aliasing -Og -Wall -MD -ggdb -m32 -Werror -fno-omit-frame-pointer -fno-stack-protector   -c -o fs.o fs.c
 
gcc -fno-pic -static -fno-builtin -fno-strict-aliasing -Og -Wall -MD -ggdb -m32 -Werror -fno-omit-frame-pointer -fno-stack-protector   -c -o ide.o ide.c
 
gcc -fno-pic -static -fno-builtin -fno-strict-aliasing -Og -Wall -MD -ggdb -m32 -Werror -fno-omit-frame-pointer -fno-stack-protector   -c -o ioapic.o ioapic.c
 
gcc -fno-pic -static -fno-builtin -fno-strict-aliasing -Og -Wall -MD -ggdb -m32 -Werror -fno-omit-frame-pointer -fno-stack-protector   -c -o kalloc.o kalloc.c
 
gcc -fno-pic -static -fno-builtin -fno-strict-aliasing -Og -Wall -MD -ggdb -m32 -Werror -fno-omit-frame-pointer -fno-stack-protector   -c -o kbd.o kbd.c
 
gcc -fno-pic -static -fno-builtin -fno-strict-aliasing -Og -Wall -MD -ggdb -m32 -Werror -fno-omit-frame-pointer -fno-stack-protector   -c -o lapic.o lapic.c
 
gcc -fno-pic -static -fno-builtin -fno-strict-aliasing -Og -Wall -MD -ggdb -m32 -Werror -fno-omit-frame-pointer -fno-stack-protector   -c -o log.o log.c
 
gcc -fno-pic -static -fno-builtin -fno-strict-aliasing -Og -Wall -MD -ggdb -m32 -Werror -fno-omit-frame-pointer -fno-stack-protector   -c -o main.o main.c
 
gcc -fno-pic -static -fno-builtin -fno-strict-aliasing -Og -Wall -MD -ggdb -m32 -Werror -fno-omit-frame-pointer -fno-stack-protector   -c -o mp.o mp.c
 
gcc -fno-pic -static -fno-builtin -fno-strict-aliasing -Og -Wall -MD -ggdb -m32 -Werror -fno-omit-frame-pointer -fno-stack-protector   -c -o picirq.o picirq.c
 
gcc -fno-pic -static -fno-builtin -fno-strict-aliasing -Og -Wall -MD -ggdb -m32 -Werror -fno-omit-frame-pointer -fno-stack-protector   -c -o pipe.o pipe.c
 
gcc -fno-pic -static -fno-builtin -fno-strict-aliasing -Og -Wall -MD -ggdb -m32 -Werror -fno-omit-frame-pointer -fno-stack-protector   -c -o proc.o proc.c
 
gcc -fno-pic -static -fno-builtin -fno-strict-aliasing -Og -Wall -MD -ggdb -m32 -Werror -fno-omit-frame-pointer -fno-stack-protector   -c -o sleeplock.o sleeplock.c
 
gcc -fno-pic -static -fno-builtin -fno-strict-aliasing -Og -Wall -MD -ggdb -m32 -Werror -fno-omit-frame-pointer -fno-stack-protector   -c -o spinlock.o spinlock.c
 
gcc -fno-pic -static -fno-builtin -fno-strict-aliasing -Og -Wall -MD -ggdb -m32 -Werror -fno-omit-frame-pointer -fno-stack-protector   -c -o string.o string.c
 
gcc -m32 -gdwarf-2 -Wa,-divide   -c -o swtch.o swtch.S
 
gcc -fno-pic -static -fno-builtin -fno-strict-aliasing -Og -Wall -MD -ggdb -m32 -Werror -fno-omit-frame-pointer -fno-stack-protector   -c -o syscall.o syscall.c
 
gcc -fno-pic -static -fno-builtin -fno-strict-aliasing -Og -Wall -MD -ggdb -m32 -Werror -fno-omit-frame-pointer -fno-stack-protector   -c -o sysfile.o sysfile.c
 
gcc -fno-pic -static -fno-builtin -fno-strict-aliasing -Og -Wall -MD -ggdb -m32 -Werror -fno-omit-frame-pointer -fno-stack-protector   -c -o sysproc.o sysproc.c
 
gcc -m32 -gdwarf-2 -Wa,-divide   -c -o trapasm.o trapasm.S
 
gcc -fno-pic -static -fno-builtin -fno-strict-aliasing -Og -Wall -MD -ggdb -m32 -Werror -fno-omit-frame-pointer -fno-stack-protector   -c -o trap.o trap.c
 
gcc -fno-pic -static -fno-builtin -fno-strict-aliasing -Og -Wall -MD -ggdb -m32 -Werror -fno-omit-frame-pointer -fno-stack-protector   -c -o uart.o uart.c
 
./vectors.pl > vectors.S
gcc -m32 -gdwarf-2 -Wa,-divide   -c -o vectors.o vectors.S
 
gcc -fno-pic -static -fno-builtin -fno-strict-aliasing -Og -Wall -MD -ggdb -m32 -Werror -fno-omit-frame-pointer -fno-stack-protector   -c -o vm.o vm.c
 
gcc -m32 -gdwarf-2 -Wa,-divide   -c -o entry.o entry.S
 
ld: unknown option: -V

gcc -fno-pic -static -fno-builtin -fno-strict-aliasing -Og -Wall -MD -ggdb -m32 -Werror -fno-omit-frame-pointer -fno-stack-protector -fno-pic -nostdinc -I. -c entryother.S
ld -m  -N -e start -Ttext 0x7000 -o bootblockother.o entryother.o
objcopy -S -O binary -j .text bootblockother.o entryother
objdump -S bootblockother.o > entryother.asm
 
ld: unknown option: -V

gcc -fno-pic -static -fno-builtin -fno-strict-aliasing -Og -Wall -MD -ggdb -m32 -Werror -fno-omit-frame-pointer -fno-stack-protector -nostdinc -I. -c initcode.S
ld -m  -N -e start -Ttext 0 -o initcode.out initcode.o
objcopy -S -O binary -j .text initcode.out initcode
objdump -S initcode.o > initcode.asm
 
ld: unknown option: -V

ld -m  -T kernel.ld -o kernel entry.o bio.o console.o exec.o file.o fs.o ide.o ioapic.o kalloc.o kbd.o lapic.o log.o main.o mp.o picirq.o pipe.o proc.o sleeplock.o spinlock.o string.o swtch.o syscall.o sysfile.o sysproc.o trapasm.o trap.o uart.o vectors.o vm.o  -b binary initcode entryother
objdump -S kernel > kernel.asm
objdump -t kernel | sed '1,/SYMBOL TABLE/d; s/ .* / /; /^$/d' > kernel.sym
dd if=/dev/zero of=xv6.img count=10000
dd if=bootblock of=xv6.img conv=notrunc
dd if=kernel of=xv6.img seek=1 conv=notrunc
 
make: Leaving directory `/Users/fran/Documents/GitHub/ASO/xv6'
 
